# JRE version: OpenJDK Runtime Environment (8.0_242-b01) (build 1.8.0_242-release-1644-b01)
# Java VM: OpenJDK 64-Bit Server VM (25.242-b01 mixed mode windows-amd64 compressed oops)
Heap:
 PSYoungGen      total 434176K, used 402380K [0x00000000e0000000, 0x00000000fda00000, 0x0000000100000000)
  eden space 389120K, 95% used [0x00000000e0000000,0x00000000f69026a0,0x00000000f7c00000)
  from space 45056K, 72% used [0x00000000faa80000,0x00000000fca70bf8,0x00000000fd680000)
  to   space 47616K, 0% used [0x00000000f7c00000,0x00000000f7c00000,0x00000000faa80000)
 ParOldGen       total 138240K, used 66268K [0x00000000a0000000, 0x00000000a8700000, 0x00000000e0000000)
  object space 138240K, 47% used [0x00000000a0000000,0x00000000a40b7308,0x00000000a8700000)
 Metaspace       used 99573K, capacity 103708K, committed 103896K, reserved 1140736K
  class space    used 12133K, capacity 12958K, committed 13056K, reserved 1048576K
GC Heap History (10 events):
Event: 5714.506 GC heap before
{Heap before GC invocations=40 (full 4):
 PSYoungGen      total 261632K, used 241715K [0x00000000e0000000, 0x00000000f5500000, 0x0000000100000000)
  eden space 222720K, 100% used [0x00000000e0000000,0x00000000ed980000,0x00000000ed980000)
  from space 38912K, 48% used [0x00000000ed980000,0x00000000eec0ce98,0x00000000eff80000)
  to   space 37888K, 0% used [0x00000000f3000000,0x00000000f3000000,0x00000000f5500000)
 ParOldGen       total 138240K, used 60195K [0x00000000a0000000, 0x00000000a8700000, 0x00000000e0000000)
  object space 138240K, 43% used [0x00000000a0000000,0x00000000a3ac8c28,0x00000000a8700000)
 Metaspace       used 76510K, capacity 79648K, committed 79832K, reserved 1118208K
  class space    used 9497K, capacity 10183K, committed 10240K, reserved 1048576K
Event: 5714.783 GC heap after
Heap after GC invocations=40 (full 4):
 PSYoungGen      total 308224K, used 4848K [0x00000000e0000000, 0x00000000f5380000, 0x0000000100000000)
  eden space 271872K, 0% used [0x00000000e0000000,0x00000000e0000000,0x00000000f0980000)
  from space 36352K, 13% used [0x00000000f3000000,0x00000000f34bc010,0x00000000f5380000)
  to   space 37888K, 0% used [0x00000000f0980000,0x00000000f0980000,0x00000000f2e80000)
 ParOldGen       total 138240K, used 60405K [0x00000000a0000000, 0x00000000a8700000, 0x00000000e0000000)
  object space 138240K, 43% used [0x00000000a0000000,0x00000000a3afd4a0,0x00000000a8700000)
 Metaspace       used 76510K, capacity 79648K, committed 79832K, reserved 1118208K
  class space    used 9497K, capacity 10183K, committed 10240K, reserved 1048576K
}
Event: 5729.386 GC heap before
{Heap before GC invocations=41 (full 4):
 PSYoungGen      total 308224K, used 276720K [0x00000000e0000000, 0x00000000f5380000, 0x0000000100000000)
  eden space 271872K, 100% used [0x00000000e0000000,0x00000000f0980000,0x00000000f0980000)
  from space 36352K, 13% used [0x00000000f3000000,0x00000000f34bc010,0x00000000f5380000)
  to   space 37888K, 0% used [0x00000000f0980000,0x00000000f0980000,0x00000000f2e80000)
 ParOldGen       total 138240K, used 60405K [0x00000000a0000000, 0x00000000a8700000, 0x00000000e0000000)
  object space 138240K, 43% used [0x00000000a0000000,0x00000000a3afd4a0,0x00000000a8700000)
 Metaspace       used 76985K, capacity 80258K, committed 80472K, reserved 1120256K
  class space    used 9542K, capacity 10244K, committed 10368K, reserved 1048576K
Event: 5729.676 GC heap after
Heap after GC invocations=41 (full 4):
 PSYoungGen      total 309760K, used 11393K [0x00000000e0000000, 0x00000000f8880000, 0x0000000100000000)
  eden space 271872K, 0% used [0x00000000e0000000,0x00000000e0000000,0x00000000f0980000)
  from space 37888K, 30% used [0x00000000f0980000,0x00000000f14a04f0,0x00000000f2e80000)
  to   space 35840K, 0% used [0x00000000f6580000,0x00000000f6580000,0x00000000f8880000)
 ParOldGen       total 138240K, used 60717K [0x00000000a0000000, 0x00000000a8700000, 0x00000000e0000000)
  object space 138240K, 43% used [0x00000000a0000000,0x00000000a3b4b5a8,0x00000000a8700000)
 Metaspace       used 76985K, capacity 80258K, committed 80472K, reserved 1120256K
  class space    used 9542K, capacity 10244K, committed 10368K, reserved 1048576K
}
Event: 5737.854 GC heap before
{Heap before GC invocations=42 (full 4):
 PSYoungGen      total 309760K, used 279566K [0x00000000e0000000, 0x00000000f8880000, 0x0000000100000000)
  eden space 271872K, 98% used [0x00000000e0000000,0x00000000f05e33a8,0x00000000f0980000)
  from space 37888K, 30% used [0x00000000f0980000,0x00000000f14a04f0,0x00000000f2e80000)
  to   space 35840K, 0% used [0x00000000f6580000,0x00000000f6580000,0x00000000f8880000)
 ParOldGen       total 138240K, used 60717K [0x00000000a0000000, 0x00000000a8700000, 0x00000000e0000000)
  object space 138240K, 43% used [0x00000000a0000000,0x00000000a3b4b5a8,0x00000000a8700000)
 Metaspace       used 90708K, capacity 94498K, committed 94680K, reserved 1132544K
  class space    used 11270K, capacity 12018K, committed 12032K, reserved 1048576K
Event: 5738.011 GC heap after
Heap after GC invocations=42 (full 4):
 PSYoungGen      total 358912K, used 35829K [0x00000000e0000000, 0x00000000f9480000, 0x0000000100000000)
  eden space 323072K, 0% used [0x00000000e0000000,0x00000000e0000000,0x00000000f3b80000)
  from space 35840K, 99% used [0x00000000f6580000,0x00000000f887d670,0x00000000f8880000)
  to   space 43008K, 0% used [0x00000000f3b80000,0x00000000f3b80000,0x00000000f6580000)
 ParOldGen       total 138240K, used 64295K [0x00000000a0000000, 0x00000000a8700000, 0x00000000e0000000)
  object space 138240K, 46% used [0x00000000a0000000,0x00000000a3ec9cb8,0x00000000a8700000)
 Metaspace       used 90708K, capacity 94498K, committed 94680K, reserved 1132544K
  class space    used 11270K, capacity 12018K, committed 12032K, reserved 1048576K
}
Event: 5738.885 GC heap before
{Heap before GC invocations=43 (full 4):
 PSYoungGen      total 358912K, used 334572K [0x00000000e0000000, 0x00000000f9480000, 0x0000000100000000)
  eden space 323072K, 92% used [0x00000000e0000000,0x00000000f23bda80,0x00000000f3b80000)
  from space 35840K, 99% used [0x00000000f6580000,0x00000000f887d670,0x00000000f8880000)
  to   space 43008K, 0% used [0x00000000f3b80000,0x00000000f3b80000,0x00000000f6580000)
 ParOldGen       total 138240K, used 64295K [0x00000000a0000000, 0x00000000a8700000, 0x00000000e0000000)
  object space 138240K, 46% used [0x00000000a0000000,0x00000000a3ec9cb8,0x00000000a8700000)
 Metaspace       used 92668K, capacity 96564K, committed 96856K, reserved 1134592K
  class space    used 11544K, capacity 12309K, committed 12416K, reserved 1048576K
Event: 5739.014 GC heap after
Heap after GC invocations=43 (full 4):
 PSYoungGen      total 366080K, used 29080K [0x00000000e0000000, 0x00000000fd680000, 0x0000000100000000)
  eden space 323072K, 0% used [0x00000000e0000000,0x00000000e0000000,0x00000000f3b80000)
  from space 43008K, 67% used [0x00000000f3b80000,0x00000000f57e6078,0x00000000f6580000)
  to   space 45056K, 0% used [0x00000000faa80000,0x00000000faa80000,0x00000000fd680000)
 ParOldGen       total 138240K, used 64351K [0x00000000a0000000, 0x00000000a8700000, 0x00000000e0000000)
  object space 138240K, 46% used [0x00000000a0000000,0x00000000a3ed7cb8,0x00000000a8700000)
 Metaspace       used 92668K, capacity 96564K, committed 96856K, reserved 1134592K
  class space    used 11544K, capacity 12309K, committed 12416K, reserved 1048576K
}
Event: 5741.291 GC heap before
{Heap before GC invocations=44 (full 4):
 PSYoungGen      total 366080K, used 331392K [0x00000000e0000000, 0x00000000fd680000, 0x0000000100000000)
  eden space 323072K, 93% used [0x00000000e0000000,0x00000000f273a320,0x00000000f3b80000)
  from space 43008K, 67% used [0x00000000f3b80000,0x00000000f57e6078,0x00000000f6580000)
  to   space 45056K, 0% used [0x00000000faa80000,0x00000000faa80000,0x00000000fd680000)
 ParOldGen       total 138240K, used 64351K [0x00000000a0000000, 0x00000000a8700000, 0x00000000e0000000)
  object space 138240K, 46% used [0x00000000a0000000,0x00000000a3ed7cb8,0x00000000a8700000)
 Metaspace       used 93739K, capacity 97740K, committed 98008K, reserved 1134592K
  class space    used 11655K, capacity 12425K, committed 12544K, reserved 1048576K
Event: 5741.384 GC heap after
Heap after GC invocations=44 (full 4):
 PSYoungGen      total 434176K, used 32706K [0x00000000e0000000, 0x00000000fda00000, 0x0000000100000000)
  eden space 389120K, 0% used [0x00000000e0000000,0x00000000e0000000,0x00000000f7c00000)
  from space 45056K, 72% used [0x00000000faa80000,0x00000000fca70bf8,0x00000000fd680000)
  to   space 47616K, 0% used [0x00000000f7c00000,0x00000000f7c00000,0x00000000faa80000)
 ParOldGen       total 138240K, used 66268K [0x00000000a0000000, 0x00000000a8700000, 0x00000000e0000000)
  object space 138240K, 47% used [0x00000000a0000000,0x00000000a40b7308,0x00000000a8700000)
 Metaspace       used 93739K, capacity 97740K, committed 98008K, reserved 1134592K
  class space    used 11655K, capacity 12425K, committed 12544K, reserved 1048576K
}

